<?xml version="1.0" encoding="UTF-8"?>
<testng-results skipped="0" failed="0" ignored="0" total="1" passed="1">
  <reporter-output>
  </reporter-output>
  <suite name="Default suite" duration-ms="377145" started-at="2019-10-17T13:18:19Z" finished-at="2019-10-17T13:24:36Z">
    <groups>
    </groups>
    <test name="Default test" duration-ms="377145" started-at="2019-10-17T13:18:19Z" finished-at="2019-10-17T13:24:36Z">
      <class name="IES_EachPages_Validation.IES_SearchContext">
        <test-method status="PASS" signature="setup()[pri:0, instance:IES_EachPages_Validation.IES_SearchContext@5119fb47]" name="setup" is-config="true" duration-ms="9054" started-at="2019-10-17T13:18:19Z" finished-at="2019-10-17T13:18:28Z">
          <reporter-output>
          </reporter-output>
        </test-method> <!-- setup -->
        <test-method status="PASS" signature="Search_Result()[pri:0, instance:IES_EachPages_Validation.IES_SearchContext@5119fb47]" name="Search_Result" duration-ms="364415" started-at="2019-10-17T13:18:28Z" finished-at="2019-10-17T13:24:32Z">
          <reporter-output>
          </reporter-output>
        </test-method> <!-- Search_Result -->
        <test-method status="PASS" signature="teardown()[pri:0, instance:IES_EachPages_Validation.IES_SearchContext@5119fb47]" name="teardown" is-config="true" duration-ms="3638" started-at="2019-10-17T13:24:32Z" finished-at="2019-10-17T13:24:36Z">
          <reporter-output>
          </reporter-output>
        </test-method> <!-- teardown -->
      </class> <!-- IES_EachPages_Validation.IES_SearchContext -->
    </test> <!-- Default test -->
  </suite> <!-- Default suite -->
</testng-results>
